2017-12-07 18:17:38 [::1][-][-][error][yii\db\Exception] PDOException: SQLSTATE[HY000] [1045] Access denied for user ''@'localhost' (using password: NO) in /var/www/html/protected/vendor/yiisoft/yii2/db/Connection.php:646
Stack trace:
#0 /var/www/html/protected/vendor/yiisoft/yii2/db/Connection.php(646): PDO->__construct('mysql:host=loca...', '', '', NULL)
#1 /var/www/html/protected/vendor/yiisoft/yii2/db/Connection.php(579): yii\db\Connection->createPdoInstance()
#2 /var/www/html/protected/vendor/yiisoft/yii2/db/Connection.php(928): yii\db\Connection->open()
#3 /var/www/html/protected/vendor/yiisoft/yii2/db/Connection.php(915): yii\db\Connection->getMasterPdo()
#4 /var/www/html/protected/vendor/yiisoft/yii2/db/Schema.php(483): yii\db\Connection->getSlavePdo()
#5 /var/www/html/protected/vendor/yiisoft/yii2/db/Connection.php(824): yii\db\Schema->quoteValue('user')
#6 /var/www/html/protected/vendor/yiisoft/yii2/db/Command.php(175): yii\db\Connection->quoteValue('user')
#7 /var/www/html/protected/vendor/yiisoft/yii2/db/Command.php(866): yii\db\Command->getRawSql()
#8 /var/www/html/protected/vendor/yiisoft/yii2/db/Command.php(887): yii\db\Command->logQuery('yii\\db\\Command:...')
#9 /var/www/html/protected/vendor/yiisoft/yii2/db/Command.php(362): yii\db\Command->queryInternal('fetchAll', NULL)
#10 /var/www/html/protected/vendor/yiisoft/yii2/db/Query.php(213): yii\db\Command->queryAll()
#11 /var/www/html/protected/vendor/yiisoft/yii2/db/ActiveQuery.php(135): yii\db\Query->all(NULL)
#12 /var/www/html/protected/humhub/libs/BaseSettingsManager.php(167): yii\db\ActiveQuery->all()
#13 /var/www/html/protected/humhub/libs/BaseSettingsManager.php(47): humhub\libs\BaseSettingsManager->loadValues()
#14 /var/www/html/protected/vendor/yiisoft/yii2/base/Object.php(107): humhub\libs\BaseSettingsManager->init()
#15 [internal function]: yii\base\Object->__construct(Array)
#16 /var/www/html/protected/vendor/yiisoft/yii2/di/Container.php(381): ReflectionClass->newInstanceArgs(Array)
#17 /var/www/html/protected/vendor/yiisoft/yii2/di/Container.php(156): yii\di\Container->build('humhub\\componen...', Array, Array)
#18 /var/www/html/protected/vendor/yiisoft/yii2/BaseYii.php(348): yii\di\Container->get('humhub\\componen...', Array, Array)
#19 /var/www/html/protected/vendor/yiisoft/yii2/di/ServiceLocator.php(135): yii\BaseYii::createObject(Array)
#20 /var/www/html/protected/vendor/yiisoft/yii2/di/ServiceLocator.php(73): yii\di\ServiceLocator->get('settings')
#21 /var/www/html/protected/humhub/modules/user/components/User.php(182): yii\di\ServiceLocator->__get('settings')
#22 /var/www/html/protected/humhub/widgets/TopMenu.php(41): humhub\modules\user\components\User::isGuestAccessEnabled()
#23 /var/www/html/protected/vendor/yiisoft/yii2/base/Object.php(107): humhub\widgets\TopMenu->init()
#24 /var/www/html/protected/humhub/widgets/BaseMenu.php(316): yii\base\Object->__construct()
#25 /var/www/html/protected/humhub/components/Controller.php(284): humhub\widgets\BaseMenu::setViewState()
#26 /var/www/html/protected/humhub/components/Controller.php(204): humhub\components\Controller->setJsViewStatus()
#27 /var/www/html/protected/vendor/yiisoft/yii2/base/Controller.php(154): humhub\components\Controller->beforeAction(Object(yii\base\InlineAction))
#28 /var/www/html/protected/vendor/yiisoft/yii2/base/Module.php(523): yii\base\Controller->runAction('go', Array)
#29 /var/www/html/protected/vendor/yiisoft/yii2/web/Application.php(102): yii\base\Module->runAction('installer/index...', Array)
#30 /var/www/html/protected/vendor/yiisoft/yii2/base/Application.php(380): yii\web\Application->handleRequest(Object(humhub\components\Request))
#31 /var/www/html/index.php(25): yii\base\Application->run()
#32 {main}

Next yii\db\Exception: SQLSTATE[HY000] [1045] Access denied for user ''@'localhost' (using password: NO) in /var/www/html/protected/vendor/yiisoft/yii2/db/Connection.php:584
Stack trace:
#0 /var/www/html/protected/vendor/yiisoft/yii2/db/Connection.php(928): yii\db\Connection->open()
#1 /var/www/html/protected/vendor/yiisoft/yii2/db/Connection.php(915): yii\db\Connection->getMasterPdo()
#2 /var/www/html/protected/vendor/yiisoft/yii2/db/Schema.php(483): yii\db\Connection->getSlavePdo()
#3 /var/www/html/protected/vendor/yiisoft/yii2/db/Connection.php(824): yii\db\Schema->quoteValue('user')
#4 /var/www/html/protected/vendor/yiisoft/yii2/db/Command.php(175): yii\db\Connection->quoteValue('user')
#5 /var/www/html/protected/vendor/yiisoft/yii2/db/Command.php(866): yii\db\Command->getRawSql()
#6 /var/www/html/protected/vendor/yiisoft/yii2/db/Command.php(887): yii\db\Command->logQuery('yii\\db\\Command:...')
#7 /var/www/html/protected/vendor/yiisoft/yii2/db/Command.php(362): yii\db\Command->queryInternal('fetchAll', NULL)
#8 /var/www/html/protected/vendor/yiisoft/yii2/db/Query.php(213): yii\db\Command->queryAll()
#9 /var/www/html/protected/vendor/yiisoft/yii2/db/ActiveQuery.php(135): yii\db\Query->all(NULL)
#10 /var/www/html/protected/humhub/libs/BaseSettingsManager.php(167): yii\db\ActiveQuery->all()
#11 /var/www/html/protected/humhub/libs/BaseSettingsManager.php(47): humhub\libs\BaseSettingsManager->loadValues()
#12 /var/www/html/protected/vendor/yiisoft/yii2/base/Object.php(107): humhub\libs\BaseSettingsManager->init()
#13 [internal function]: yii\base\Object->__construct(Array)
#14 /var/www/html/protected/vendor/yiisoft/yii2/di/Container.php(381): ReflectionClass->newInstanceArgs(Array)
#15 /var/www/html/protected/vendor/yiisoft/yii2/di/Container.php(156): yii\di\Container->build('humhub\\componen...', Array, Array)
#16 /var/www/html/protected/vendor/yiisoft/yii2/BaseYii.php(348): yii\di\Container->get('humhub\\componen...', Array, Array)
#17 /var/www/html/protected/vendor/yiisoft/yii2/di/ServiceLocator.php(135): yii\BaseYii::createObject(Array)
#18 /var/www/html/protected/vendor/yiisoft/yii2/di/ServiceLocator.php(73): yii\di\ServiceLocator->get('settings')
#19 /var/www/html/protected/humhub/modules/user/components/User.php(182): yii\di\ServiceLocator->__get('settings')
#20 /var/www/html/protected/humhub/widgets/TopMenu.php(41): humhub\modules\user\components\User::isGuestAccessEnabled()
#21 /var/www/html/protected/vendor/yiisoft/yii2/base/Object.php(107): humhub\widgets\TopMenu->init()
#22 /var/www/html/protected/humhub/widgets/BaseMenu.php(316): yii\base\Object->__construct()
#23 /var/www/html/protected/humhub/components/Controller.php(284): humhub\widgets\BaseMenu::setViewState()
#24 /var/www/html/protected/humhub/components/Controller.php(204): humhub\components\Controller->setJsViewStatus()
#25 /var/www/html/protected/vendor/yiisoft/yii2/base/Controller.php(154): humhub\components\Controller->beforeAction(Object(yii\base\InlineAction))
#26 /var/www/html/protected/vendor/yiisoft/yii2/base/Module.php(523): yii\base\Controller->runAction('go', Array)
#27 /var/www/html/protected/vendor/yiisoft/yii2/web/Application.php(102): yii\base\Module->runAction('installer/index...', Array)
#28 /var/www/html/protected/vendor/yiisoft/yii2/base/Application.php(380): yii\web\Application->handleRequest(Object(humhub\components\Request))
#29 /var/www/html/index.php(25): yii\base\Application->run()
#30 {main}
Additional Information:

2017-12-07 18:17:38 [::1][-][-][info][application] $_GET = [
    'r' => 'installer/index/go'
    '_pjax' => '#layout-content'
    '_' => '1512663457273'
]

$_SERVER = [
    'HTTP_HOST' => 'localhost'
    'HTTP_CONNECTION' => 'keep-alive'
    'HTTP_X_CSRF_TOKEN' => '30cF8RgWCnMMfoZAva-vPthGB_3iNTMypMH9h7bTfhvO9KnX1srFWMJTzsRNz22W_-c_JT1BUvv2Nxp2CLmhKA=='
    'HTTP_USER_AGENT' => 'Mozilla/5.0 (X11; Linux x86_64) AppleWebKit/537.36 (KHTML, like Gecko) Chrome/63.0.3239.84 Safari/537.36'
    'CONTENT_TYPE' => 'application/x-www-form-urlencoded; charset=UTF-8'
    'HTTP_ACCEPT' => 'text/html, */*; q=0.01'
    'HTTP_X_REQUESTED_WITH' => 'XMLHttpRequest'
    'HTTP_X_PJAX' => 'true'
    'HTTP_X_PJAX_CONTAINER' => '#layout-content'
    'HTTP_REFERER' => 'http://localhost/index.php?r=installer%2Findex'
    'HTTP_ACCEPT_ENCODING' => 'gzip, deflate, br'
    'HTTP_ACCEPT_LANGUAGE' => 'uk-UA,uk;q=0.9,ru;q=0.8,en-US;q=0.7,en;q=0.6,ky;q=0.5,tg;q=0.4'
    'HTTP_COOKIE' => '_csrf=495c179c7a559e59938925bcfce2b8e0c211101468c63ea662193966bf013fbaa%3A2%3A%7Bi%3A0%3Bs%3A5%3A%22_csrf%22%3Bi%3A1%3Bs%3A32%3A%22%11%B3%AC%26%CE%DC%CF%2B%CE-H%84%F0%60%C2%A8%27%A18%D8%DFta%C9R%F6%E7%F1%BEj%DF3%22%3B%7D; language=b4349aea2a12f8bb9fa5283a2be327d77f6be88f1f6163d3e12caefa69a8c4dfa%3A2%3A%7Bi%3A0%3Bs%3A8%3A%22language%22%3Bi%3A1%3Bs%3A2%3A%22ru%22%3B%7D'
    'PATH' => '/usr/local/sbin:/usr/local/bin:/usr/sbin:/usr/bin:/sbin:/bin'
    'SERVER_SIGNATURE' => '<address>Apache/2.4.18 (Ubuntu) Server at localhost Port 80</address>
'
    'SERVER_SOFTWARE' => 'Apache/2.4.18 (Ubuntu)'
    'SERVER_NAME' => 'localhost'
    'SERVER_ADDR' => '::1'
    'SERVER_PORT' => '80'
    'REMOTE_ADDR' => '::1'
    'DOCUMENT_ROOT' => '/var/www/html'
    'REQUEST_SCHEME' => 'http'
    'CONTEXT_PREFIX' => ''
    'CONTEXT_DOCUMENT_ROOT' => '/var/www/html'
    'SERVER_ADMIN' => 'webmaster@localhost'
    'SCRIPT_FILENAME' => '/var/www/html/index.php'
    'REMOTE_PORT' => '52512'
    'GATEWAY_INTERFACE' => 'CGI/1.1'
    'SERVER_PROTOCOL' => 'HTTP/1.1'
    'REQUEST_METHOD' => 'GET'
    'QUERY_STRING' => 'r=installer%2Findex%2Fgo&_pjax=%23layout-content&_=1512663457273'
    'REQUEST_URI' => '/index.php?r=installer%2Findex%2Fgo&_pjax=%23layout-content&_=1512663457273'
    'SCRIPT_NAME' => '/index.php'
    'PHP_SELF' => '/index.php'
    'REQUEST_TIME_FLOAT' => 1512663458.564
    'REQUEST_TIME' => 1512663458
]
2017-12-07 18:17:38 [::1][-][-][warning][yii\log\Dispatcher::dispatch] Unable to send log via yii\log\DbTarget: Exception (Database Exception) 'yii\db\Exception' with message 'SQLSTATE[HY000] [1045] Access denied for user ''@'localhost' (using password: NO)' 

in /var/www/html/protected/vendor/yiisoft/yii2/db/Connection.php:584

Stack trace:
#0 /var/www/html/protected/vendor/yiisoft/yii2/db/Connection.php(928): yii\db\Connection->open()
#1 /var/www/html/protected/vendor/yiisoft/yii2/db/Connection.php(915): yii\db\Connection->getMasterPdo()
#2 /var/www/html/protected/vendor/yiisoft/yii2/db/Schema.php(483): yii\db\Connection->getSlavePdo()
#3 /var/www/html/protected/vendor/yiisoft/yii2/db/Connection.php(824): yii\db\Schema->quoteValue('yii\\db\\Exceptio...')
#4 /var/www/html/protected/vendor/yiisoft/yii2/db/Command.php(175): yii\db\Connection->quoteValue('yii\\db\\Exceptio...')
#5 /var/www/html/protected/vendor/yiisoft/yii2/db/Command.php(866): yii\db\Command->getRawSql()
#6 /var/www/html/protected/vendor/yiisoft/yii2/db/Command.php(831): yii\db\Command->logQuery('yii\\db\\Command:...')
#7 /var/www/html/protected/vendor/yiisoft/yii2/log/DbTarget.php(89): yii\db\Command->execute()
#8 /var/www/html/protected/vendor/yiisoft/yii2/log/Target.php(124): yii\log\DbTarget->export()
#9 /var/www/html/protected/vendor/yiisoft/yii2/log/Dispatcher.php(188): yii\log\Target->collect(Array, true)
#10 /var/www/html/protected/vendor/yiisoft/yii2/log/Logger.php(177): yii\log\Dispatcher->dispatch(Array, true)
#11 /var/www/html/protected/vendor/yiisoft/yii2/base/ErrorHandler.php(113): yii\log\Logger->flush(true)
#12 [internal function]: yii\base\ErrorHandler->handleException(Object(yii\db\Exception))
#13 {main}
2017-12-07 18:17:38 [::1][-][-][info][application] $_GET = [
    'r' => 'installer/index/go'
    '_pjax' => '#layout-content'
    '_' => '1512663457273'
]

$_SERVER = [
    'HTTP_HOST' => 'localhost'
    'HTTP_CONNECTION' => 'keep-alive'
    'HTTP_X_CSRF_TOKEN' => '30cF8RgWCnMMfoZAva-vPthGB_3iNTMypMH9h7bTfhvO9KnX1srFWMJTzsRNz22W_-c_JT1BUvv2Nxp2CLmhKA=='
    'HTTP_USER_AGENT' => 'Mozilla/5.0 (X11; Linux x86_64) AppleWebKit/537.36 (KHTML, like Gecko) Chrome/63.0.3239.84 Safari/537.36'
    'CONTENT_TYPE' => 'application/x-www-form-urlencoded; charset=UTF-8'
    'HTTP_ACCEPT' => 'text/html, */*; q=0.01'
    'HTTP_X_REQUESTED_WITH' => 'XMLHttpRequest'
    'HTTP_X_PJAX' => 'true'
    'HTTP_X_PJAX_CONTAINER' => '#layout-content'
    'HTTP_REFERER' => 'http://localhost/index.php?r=installer%2Findex'
    'HTTP_ACCEPT_ENCODING' => 'gzip, deflate, br'
    'HTTP_ACCEPT_LANGUAGE' => 'uk-UA,uk;q=0.9,ru;q=0.8,en-US;q=0.7,en;q=0.6,ky;q=0.5,tg;q=0.4'
    'HTTP_COOKIE' => '_csrf=495c179c7a559e59938925bcfce2b8e0c211101468c63ea662193966bf013fbaa%3A2%3A%7Bi%3A0%3Bs%3A5%3A%22_csrf%22%3Bi%3A1%3Bs%3A32%3A%22%11%B3%AC%26%CE%DC%CF%2B%CE-H%84%F0%60%C2%A8%27%A18%D8%DFta%C9R%F6%E7%F1%BEj%DF3%22%3B%7D; language=b4349aea2a12f8bb9fa5283a2be327d77f6be88f1f6163d3e12caefa69a8c4dfa%3A2%3A%7Bi%3A0%3Bs%3A8%3A%22language%22%3Bi%3A1%3Bs%3A2%3A%22ru%22%3B%7D'
    'PATH' => '/usr/local/sbin:/usr/local/bin:/usr/sbin:/usr/bin:/sbin:/bin'
    'SERVER_SIGNATURE' => '<address>Apache/2.4.18 (Ubuntu) Server at localhost Port 80</address>
'
    'SERVER_SOFTWARE' => 'Apache/2.4.18 (Ubuntu)'
    'SERVER_NAME' => 'localhost'
    'SERVER_ADDR' => '::1'
    'SERVER_PORT' => '80'
    'REMOTE_ADDR' => '::1'
    'DOCUMENT_ROOT' => '/var/www/html'
    'REQUEST_SCHEME' => 'http'
    'CONTEXT_PREFIX' => ''
    'CONTEXT_DOCUMENT_ROOT' => '/var/www/html'
    'SERVER_ADMIN' => 'webmaster@localhost'
    'SCRIPT_FILENAME' => '/var/www/html/index.php'
    'REMOTE_PORT' => '52512'
    'GATEWAY_INTERFACE' => 'CGI/1.1'
    'SERVER_PROTOCOL' => 'HTTP/1.1'
    'REQUEST_METHOD' => 'GET'
    'QUERY_STRING' => 'r=installer%2Findex%2Fgo&_pjax=%23layout-content&_=1512663457273'
    'REQUEST_URI' => '/index.php?r=installer%2Findex%2Fgo&_pjax=%23layout-content&_=1512663457273'
    'SCRIPT_NAME' => '/index.php'
    'PHP_SELF' => '/index.php'
    'REQUEST_TIME_FLOAT' => 1512663458.564
    'REQUEST_TIME' => 1512663458
]
2017-12-07 18:24:24 [::1][-][-][error][yii\db\Exception] PDOException: SQLSTATE[HY000] [1045] Access denied for user ''@'localhost' (using password: NO) in /var/www/html/protected/vendor/yiisoft/yii2/db/Connection.php:646
Stack trace:
#0 /var/www/html/protected/vendor/yiisoft/yii2/db/Connection.php(646): PDO->__construct('mysql:host=loca...', '', '', NULL)
#1 /var/www/html/protected/vendor/yiisoft/yii2/db/Connection.php(579): yii\db\Connection->createPdoInstance()
#2 /var/www/html/protected/vendor/yiisoft/yii2/db/Connection.php(928): yii\db\Connection->open()
#3 /var/www/html/protected/vendor/yiisoft/yii2/db/Connection.php(915): yii\db\Connection->getMasterPdo()
#4 /var/www/html/protected/vendor/yiisoft/yii2/db/Schema.php(483): yii\db\Connection->getSlavePdo()
#5 /var/www/html/protected/vendor/yiisoft/yii2/db/Connection.php(824): yii\db\Schema->quoteValue('user')
#6 /var/www/html/protected/vendor/yiisoft/yii2/db/Command.php(175): yii\db\Connection->quoteValue('user')
#7 /var/www/html/protected/vendor/yiisoft/yii2/db/Command.php(866): yii\db\Command->getRawSql()
#8 /var/www/html/protected/vendor/yiisoft/yii2/db/Command.php(887): yii\db\Command->logQuery('yii\\db\\Command:...')
#9 /var/www/html/protected/vendor/yiisoft/yii2/db/Command.php(362): yii\db\Command->queryInternal('fetchAll', NULL)
#10 /var/www/html/protected/vendor/yiisoft/yii2/db/Query.php(213): yii\db\Command->queryAll()
#11 /var/www/html/protected/vendor/yiisoft/yii2/db/ActiveQuery.php(135): yii\db\Query->all(NULL)
#12 /var/www/html/protected/humhub/libs/BaseSettingsManager.php(167): yii\db\ActiveQuery->all()
#13 /var/www/html/protected/humhub/libs/BaseSettingsManager.php(47): humhub\libs\BaseSettingsManager->loadValues()
#14 /var/www/html/protected/vendor/yiisoft/yii2/base/Object.php(107): humhub\libs\BaseSettingsManager->init()
#15 [internal function]: yii\base\Object->__construct(Array)
#16 /var/www/html/protected/vendor/yiisoft/yii2/di/Container.php(381): ReflectionClass->newInstanceArgs(Array)
#17 /var/www/html/protected/vendor/yiisoft/yii2/di/Container.php(156): yii\di\Container->build('humhub\\componen...', Array, Array)
#18 /var/www/html/protected/vendor/yiisoft/yii2/BaseYii.php(348): yii\di\Container->get('humhub\\componen...', Array, Array)
#19 /var/www/html/protected/vendor/yiisoft/yii2/di/ServiceLocator.php(135): yii\BaseYii::createObject(Array)
#20 /var/www/html/protected/vendor/yiisoft/yii2/di/ServiceLocator.php(73): yii\di\ServiceLocator->get('settings')
#21 /var/www/html/protected/humhub/modules/user/components/User.php(182): yii\di\ServiceLocator->__get('settings')
#22 /var/www/html/protected/humhub/widgets/TopMenu.php(41): humhub\modules\user\components\User::isGuestAccessEnabled()
#23 /var/www/html/protected/vendor/yiisoft/yii2/base/Object.php(107): humhub\widgets\TopMenu->init()
#24 /var/www/html/protected/humhub/widgets/BaseMenu.php(316): yii\base\Object->__construct()
#25 /var/www/html/protected/humhub/components/Controller.php(284): humhub\widgets\BaseMenu::setViewState()
#26 /var/www/html/protected/humhub/components/Controller.php(204): humhub\components\Controller->setJsViewStatus()
#27 /var/www/html/protected/vendor/yiisoft/yii2/base/Controller.php(154): humhub\components\Controller->beforeAction(Object(yii\base\InlineAction))
#28 /var/www/html/protected/vendor/yiisoft/yii2/base/Module.php(523): yii\base\Controller->runAction('database', Array)
#29 /var/www/html/protected/vendor/yiisoft/yii2/web/Application.php(102): yii\base\Module->runAction('installer/setup...', Array)
#30 /var/www/html/protected/vendor/yiisoft/yii2/base/Application.php(380): yii\web\Application->handleRequest(Object(humhub\components\Request))
#31 /var/www/html/index.php(25): yii\base\Application->run()
#32 {main}

Next yii\db\Exception: SQLSTATE[HY000] [1045] Access denied for user ''@'localhost' (using password: NO) in /var/www/html/protected/vendor/yiisoft/yii2/db/Connection.php:584
Stack trace:
#0 /var/www/html/protected/vendor/yiisoft/yii2/db/Connection.php(928): yii\db\Connection->open()
#1 /var/www/html/protected/vendor/yiisoft/yii2/db/Connection.php(915): yii\db\Connection->getMasterPdo()
#2 /var/www/html/protected/vendor/yiisoft/yii2/db/Schema.php(483): yii\db\Connection->getSlavePdo()
#3 /var/www/html/protected/vendor/yiisoft/yii2/db/Connection.php(824): yii\db\Schema->quoteValue('user')
#4 /var/www/html/protected/vendor/yiisoft/yii2/db/Command.php(175): yii\db\Connection->quoteValue('user')
#5 /var/www/html/protected/vendor/yiisoft/yii2/db/Command.php(866): yii\db\Command->getRawSql()
#6 /var/www/html/protected/vendor/yiisoft/yii2/db/Command.php(887): yii\db\Command->logQuery('yii\\db\\Command:...')
#7 /var/www/html/protected/vendor/yiisoft/yii2/db/Command.php(362): yii\db\Command->queryInternal('fetchAll', NULL)
#8 /var/www/html/protected/vendor/yiisoft/yii2/db/Query.php(213): yii\db\Command->queryAll()
#9 /var/www/html/protected/vendor/yiisoft/yii2/db/ActiveQuery.php(135): yii\db\Query->all(NULL)
#10 /var/www/html/protected/humhub/libs/BaseSettingsManager.php(167): yii\db\ActiveQuery->all()
#11 /var/www/html/protected/humhub/libs/BaseSettingsManager.php(47): humhub\libs\BaseSettingsManager->loadValues()
#12 /var/www/html/protected/vendor/yiisoft/yii2/base/Object.php(107): humhub\libs\BaseSettingsManager->init()
#13 [internal function]: yii\base\Object->__construct(Array)
#14 /var/www/html/protected/vendor/yiisoft/yii2/di/Container.php(381): ReflectionClass->newInstanceArgs(Array)
#15 /var/www/html/protected/vendor/yiisoft/yii2/di/Container.php(156): yii\di\Container->build('humhub\\componen...', Array, Array)
#16 /var/www/html/protected/vendor/yiisoft/yii2/BaseYii.php(348): yii\di\Container->get('humhub\\componen...', Array, Array)
#17 /var/www/html/protected/vendor/yiisoft/yii2/di/ServiceLocator.php(135): yii\BaseYii::createObject(Array)
#18 /var/www/html/protected/vendor/yiisoft/yii2/di/ServiceLocator.php(73): yii\di\ServiceLocator->get('settings')
#19 /var/www/html/protected/humhub/modules/user/components/User.php(182): yii\di\ServiceLocator->__get('settings')
#20 /var/www/html/protected/humhub/widgets/TopMenu.php(41): humhub\modules\user\components\User::isGuestAccessEnabled()
#21 /var/www/html/protected/vendor/yiisoft/yii2/base/Object.php(107): humhub\widgets\TopMenu->init()
#22 /var/www/html/protected/humhub/widgets/BaseMenu.php(316): yii\base\Object->__construct()
#23 /var/www/html/protected/humhub/components/Controller.php(284): humhub\widgets\BaseMenu::setViewState()
#24 /var/www/html/protected/humhub/components/Controller.php(204): humhub\components\Controller->setJsViewStatus()
#25 /var/www/html/protected/vendor/yiisoft/yii2/base/Controller.php(154): humhub\components\Controller->beforeAction(Object(yii\base\InlineAction))
#26 /var/www/html/protected/vendor/yiisoft/yii2/base/Module.php(523): yii\base\Controller->runAction('database', Array)
#27 /var/www/html/protected/vendor/yiisoft/yii2/web/Application.php(102): yii\base\Module->runAction('installer/setup...', Array)
#28 /var/www/html/protected/vendor/yiisoft/yii2/base/Application.php(380): yii\web\Application->handleRequest(Object(humhub\components\Request))
#29 /var/www/html/index.php(25): yii\base\Application->run()
#30 {main}
Additional Information:

2017-12-07 18:24:24 [::1][-][-][info][application] $_GET = [
    'r' => 'installer/setup/database'
    '_pjax' => '#layout-content'
    '_' => '1512663860262'
]

$_SERVER = [
    'HTTP_HOST' => 'localhost'
    'HTTP_CONNECTION' => 'keep-alive'
    'HTTP_X_CSRF_TOKEN' => 'FFpbmcuRfXC1tXdmL-44rgQQ8AZ5MwboOBpPXx5WM_oF6fe_BU2yW3uYP-LfjvoGI7HI3qZHZyFq7KiuoDzsyQ=='
    'HTTP_USER_AGENT' => 'Mozilla/5.0 (X11; Linux x86_64) AppleWebKit/537.36 (KHTML, like Gecko) Chrome/63.0.3239.84 Safari/537.36'
    'CONTENT_TYPE' => 'application/x-www-form-urlencoded; charset=UTF-8'
    'HTTP_ACCEPT' => 'text/html, */*; q=0.01'
    'HTTP_X_REQUESTED_WITH' => 'XMLHttpRequest'
    'HTTP_X_PJAX' => 'true'
    'HTTP_X_PJAX_CONTAINER' => '#layout-content'
    'HTTP_REFERER' => 'http://localhost/index.php?r=installer%2Fsetup%2Fprerequisites'
    'HTTP_ACCEPT_ENCODING' => 'gzip, deflate, br'
    'HTTP_ACCEPT_LANGUAGE' => 'uk-UA,uk;q=0.9,ru;q=0.8,en-US;q=0.7,en;q=0.6,ky;q=0.5,tg;q=0.4'
    'HTTP_COOKIE' => '_csrf=495c179c7a559e59938925bcfce2b8e0c211101468c63ea662193966bf013fbaa%3A2%3A%7Bi%3A0%3Bs%3A5%3A%22_csrf%22%3Bi%3A1%3Bs%3A32%3A%22%11%B3%AC%26%CE%DC%CF%2B%CE-H%84%F0%60%C2%A8%27%A18%D8%DFta%C9R%F6%E7%F1%BEj%DF3%22%3B%7D; language=b4349aea2a12f8bb9fa5283a2be327d77f6be88f1f6163d3e12caefa69a8c4dfa%3A2%3A%7Bi%3A0%3Bs%3A8%3A%22language%22%3Bi%3A1%3Bs%3A2%3A%22ru%22%3B%7D'
    'PATH' => '/usr/local/sbin:/usr/local/bin:/usr/sbin:/usr/bin:/sbin:/bin'
    'SERVER_SIGNATURE' => '<address>Apache/2.4.18 (Ubuntu) Server at localhost Port 80</address>
'
    'SERVER_SOFTWARE' => 'Apache/2.4.18 (Ubuntu)'
    'SERVER_NAME' => 'localhost'
    'SERVER_ADDR' => '::1'
    'SERVER_PORT' => '80'
    'REMOTE_ADDR' => '::1'
    'DOCUMENT_ROOT' => '/var/www/html'
    'REQUEST_SCHEME' => 'http'
    'CONTEXT_PREFIX' => ''
    'CONTEXT_DOCUMENT_ROOT' => '/var/www/html'
    'SERVER_ADMIN' => 'webmaster@localhost'
    'SCRIPT_FILENAME' => '/var/www/html/index.php'
    'REMOTE_PORT' => '52698'
    'GATEWAY_INTERFACE' => 'CGI/1.1'
    'SERVER_PROTOCOL' => 'HTTP/1.1'
    'REQUEST_METHOD' => 'GET'
    'QUERY_STRING' => 'r=installer%2Fsetup%2Fdatabase&_pjax=%23layout-content&_=1512663860262'
    'REQUEST_URI' => '/index.php?r=installer%2Fsetup%2Fdatabase&_pjax=%23layout-content&_=1512663860262'
    'SCRIPT_NAME' => '/index.php'
    'PHP_SELF' => '/index.php'
    'REQUEST_TIME_FLOAT' => 1512663864.02
    'REQUEST_TIME' => 1512663864
]
2017-12-07 18:24:24 [::1][-][-][warning][yii\log\Dispatcher::dispatch] Unable to send log via yii\log\DbTarget: Exception (Database Exception) 'yii\db\Exception' with message 'SQLSTATE[HY000] [1045] Access denied for user ''@'localhost' (using password: NO)' 

in /var/www/html/protected/vendor/yiisoft/yii2/db/Connection.php:584

Stack trace:
#0 /var/www/html/protected/vendor/yiisoft/yii2/db/Connection.php(928): yii\db\Connection->open()
#1 /var/www/html/protected/vendor/yiisoft/yii2/db/Connection.php(915): yii\db\Connection->getMasterPdo()
#2 /var/www/html/protected/vendor/yiisoft/yii2/db/Schema.php(483): yii\db\Connection->getSlavePdo()
#3 /var/www/html/protected/vendor/yiisoft/yii2/db/Connection.php(824): yii\db\Schema->quoteValue('yii\\db\\Exceptio...')
#4 /var/www/html/protected/vendor/yiisoft/yii2/db/Command.php(175): yii\db\Connection->quoteValue('yii\\db\\Exceptio...')
#5 /var/www/html/protected/vendor/yiisoft/yii2/db/Command.php(866): yii\db\Command->getRawSql()
#6 /var/www/html/protected/vendor/yiisoft/yii2/db/Command.php(831): yii\db\Command->logQuery('yii\\db\\Command:...')
#7 /var/www/html/protected/vendor/yiisoft/yii2/log/DbTarget.php(89): yii\db\Command->execute()
#8 /var/www/html/protected/vendor/yiisoft/yii2/log/Target.php(124): yii\log\DbTarget->export()
#9 /var/www/html/protected/vendor/yiisoft/yii2/log/Dispatcher.php(188): yii\log\Target->collect(Array, true)
#10 /var/www/html/protected/vendor/yiisoft/yii2/log/Logger.php(177): yii\log\Dispatcher->dispatch(Array, true)
#11 /var/www/html/protected/vendor/yiisoft/yii2/base/ErrorHandler.php(113): yii\log\Logger->flush(true)
#12 [internal function]: yii\base\ErrorHandler->handleException(Object(yii\db\Exception))
#13 {main}
2017-12-07 18:24:24 [::1][-][-][info][application] $_GET = [
    'r' => 'installer/setup/database'
    '_pjax' => '#layout-content'
    '_' => '1512663860262'
]

$_SERVER = [
    'HTTP_HOST' => 'localhost'
    'HTTP_CONNECTION' => 'keep-alive'
    'HTTP_X_CSRF_TOKEN' => 'FFpbmcuRfXC1tXdmL-44rgQQ8AZ5MwboOBpPXx5WM_oF6fe_BU2yW3uYP-LfjvoGI7HI3qZHZyFq7KiuoDzsyQ=='
    'HTTP_USER_AGENT' => 'Mozilla/5.0 (X11; Linux x86_64) AppleWebKit/537.36 (KHTML, like Gecko) Chrome/63.0.3239.84 Safari/537.36'
    'CONTENT_TYPE' => 'application/x-www-form-urlencoded; charset=UTF-8'
    'HTTP_ACCEPT' => 'text/html, */*; q=0.01'
    'HTTP_X_REQUESTED_WITH' => 'XMLHttpRequest'
    'HTTP_X_PJAX' => 'true'
    'HTTP_X_PJAX_CONTAINER' => '#layout-content'
    'HTTP_REFERER' => 'http://localhost/index.php?r=installer%2Fsetup%2Fprerequisites'
    'HTTP_ACCEPT_ENCODING' => 'gzip, deflate, br'
    'HTTP_ACCEPT_LANGUAGE' => 'uk-UA,uk;q=0.9,ru;q=0.8,en-US;q=0.7,en;q=0.6,ky;q=0.5,tg;q=0.4'
    'HTTP_COOKIE' => '_csrf=495c179c7a559e59938925bcfce2b8e0c211101468c63ea662193966bf013fbaa%3A2%3A%7Bi%3A0%3Bs%3A5%3A%22_csrf%22%3Bi%3A1%3Bs%3A32%3A%22%11%B3%AC%26%CE%DC%CF%2B%CE-H%84%F0%60%C2%A8%27%A18%D8%DFta%C9R%F6%E7%F1%BEj%DF3%22%3B%7D; language=b4349aea2a12f8bb9fa5283a2be327d77f6be88f1f6163d3e12caefa69a8c4dfa%3A2%3A%7Bi%3A0%3Bs%3A8%3A%22language%22%3Bi%3A1%3Bs%3A2%3A%22ru%22%3B%7D'
    'PATH' => '/usr/local/sbin:/usr/local/bin:/usr/sbin:/usr/bin:/sbin:/bin'
    'SERVER_SIGNATURE' => '<address>Apache/2.4.18 (Ubuntu) Server at localhost Port 80</address>
'
    'SERVER_SOFTWARE' => 'Apache/2.4.18 (Ubuntu)'
    'SERVER_NAME' => 'localhost'
    'SERVER_ADDR' => '::1'
    'SERVER_PORT' => '80'
    'REMOTE_ADDR' => '::1'
    'DOCUMENT_ROOT' => '/var/www/html'
    'REQUEST_SCHEME' => 'http'
    'CONTEXT_PREFIX' => ''
    'CONTEXT_DOCUMENT_ROOT' => '/var/www/html'
    'SERVER_ADMIN' => 'webmaster@localhost'
    'SCRIPT_FILENAME' => '/var/www/html/index.php'
    'REMOTE_PORT' => '52698'
    'GATEWAY_INTERFACE' => 'CGI/1.1'
    'SERVER_PROTOCOL' => 'HTTP/1.1'
    'REQUEST_METHOD' => 'GET'
    'QUERY_STRING' => 'r=installer%2Fsetup%2Fdatabase&_pjax=%23layout-content&_=1512663860262'
    'REQUEST_URI' => '/index.php?r=installer%2Fsetup%2Fdatabase&_pjax=%23layout-content&_=1512663860262'
    'SCRIPT_NAME' => '/index.php'
    'PHP_SELF' => '/index.php'
    'REQUEST_TIME_FLOAT' => 1512663864.02
    'REQUEST_TIME' => 1512663864
]
